###############################################################################
#
# IAR C/C++ Compiler V6.80.7.1083 for Atmel AVR           13/Jan/2023  13:37:21
# Copyright 1996-2016 IAR Systems AB.
# Standalone license - IAR Embedded Workbench for Atmel AVR
#
#    Source file  =  
#        D:\TUIASI AC CTI\anul III\Structura si organizarea
#        calculatoarelor\Proiect\Spre complet\Bonus\functie.c
#    Command line =  
#        "D:\TUIASI AC CTI\anul III\Structura si organizarea
#        calculatoarelor\Proiect\Spre complet\Bonus\functie.c" --cpu=m16 -mt -o
#        "D:\TUIASI AC CTI\anul III\Structura si organizarea
#        calculatoarelor\Proiect\Spre complet\Bonus\Debug\Obj" -lC "D:\TUIASI
#        AC CTI\anul III\Structura si organizarea calculatoarelor\Proiect\Spre
#        complet\Bonus\Debug\List" -lA "D:\TUIASI AC CTI\anul III\Structura si
#        organizarea calculatoarelor\Proiect\Spre complet\Bonus\Debug\List"
#        --initializers_in_flash --no_cse --no_inline --no_code_motion
#        --no_cross_call --no_clustering --no_tbaa --debug
#        -DENABLE_BIT_DEFINITIONS -e --eeprom_size 512 -On
#    Locale       =  Romanian_Romania.1250
#    List file    =  
#        D:\TUIASI AC CTI\anul III\Structura si organizarea
#        calculatoarelor\Proiect\Spre complet\Bonus\Debug\List\functie.lst
#    Object file  =  
#        D:\TUIASI AC CTI\anul III\Structura si organizarea
#        calculatoarelor\Proiect\Spre complet\Bonus\Debug\Obj\functie.r90
#
###############################################################################


   \                                 In  segment CODE, align 2, keep-with-next
D:\TUIASI AC CTI\anul III\Structura si organizarea calculatoarelor\Proiect\Spre complet\Bonus\functie.c
      1          char scadere(char x,char y){
   \                     scadere:
      2            return x-y;
   \   00000000   1B01               SUB     R16, R17
   \   00000002   9508               RET
      3          }
      4          
      5          
      6          

   Maximum stack usage in bytes:

   RSTACK Function
   ------ --------
      2   scadere


   Segment part sizes:

   Bytes  Function/Label
   -----  --------------
       4  scadere

 
 4 bytes in segment CODE
 
 4 bytes of CODE memory

Errors: none
Warnings: none
